<html>
<body>
<pre>
<h1>µVision Build Log</h1>
<h2>Tool Versions:</h2>
IDE-Version: µVision V5.20.0.0
Copyright (C) 2016 ARM Ltd and ARM Germany GmbH. All rights reserved.
License Information: University of Agder University of Agder, University of Agder, LIC=----
 
Tool Versions:
Toolchain:       MDK-Lite  Version: 5.20
Toolchain Path:  C:\Keil_v5\ARM\ARMCC\Bin
C Compiler:      Armcc.exe V5.06 update 2 (build 183)
Assembler:       Armasm.exe V5.06 update 2 (build 183)
Linker/Locator:  ArmLink.exe V5.06 update 2 (build 183)
Library Manager: ArmAr.exe V5.06 update 2 (build 183)
Hex Converter:   FromElf.exe V5.06 update 2 (build 183)
CPU DLL:         
Dialog DLL:      
Target DLL:      Segger\JL2CM3.dll V2.99.20.0
Dialog DLL:      TCM.DLL V1.14.9.0
 
<h2>Project:</h2>
C:\Users\theod\Documents\Skole\ELE-217\Prosjekt\WeatherStationUiA\BLESide\ble_app_uart\pca10040\s132\arm5_no_packs\ble_app_uart_pca10040_s132.uvprojx
Project File Date:  03/29/2017

<h2>Output:</h2>
*** Using Compiler 'V5.06 update 2 (build 183)', folder: 'C:\Keil_v5\ARM\ARMCC\Bin'
Build target 'nrf52832_xxaa'
compiling util.c...
util.h(18): warning:  #1-D: last line of file ends without a newline
  #endif
util.c(48): warning:  #64-D: declaration does not declare anything
  void 
pi_app_init(void)
util.c(49): error:  #169: expected a declaration
  {
util.c(70): error:  #79: expected a type specifier
      nrf_drv_timer_extended_compare(&TIMER, NRF_TIMER_CC_CHANNEL0, time_ticks, NRF_TIMER_SHORT_COMPARE0_STOP_MASK, true);
util.c(70): error:  #757: constant "NRF_TIMER_CC_CHANNEL0" is not a type name
      nrf_drv_timer_extended_compare(&TIMER, NRF_TIMER_CC_CHANNEL0, time_ticks, NRF_TIMER_SHORT_COMPARE0_STOP_MASK, true);
util.c(70): error:  #20: identifier "time_ticks" is undefined
      nrf_drv_timer_extended_compare(&TIMER, NRF_TIMER_CC_CHANNEL0, time_ticks, NRF_TIMER_SHORT_COMPARE0_STOP_MASK, true);
util.c(70): error:  #757: constant "NRF_TIMER_SHORT_COMPARE0_STOP_MASK" is not a type name
      nrf_drv_timer_extended_compare(&TIMER, NRF_TIMER_CC_CHANNEL0, time_ticks, NRF_TIMER_SHORT_COMPARE0_STOP_MASK, true);
util.c(70): error:  #79: expected a type specifier
      nrf_drv_timer_extended_compare(&TIMER, NRF_TIMER_CC_CHANNEL0, time_ticks, NRF_TIMER_SHORT_COMPARE0_STOP_MASK, 
rue);
util.c(70): error:  #260-D: explicit type is missing ("int" assumed)
      nrf_drv_timer_extended_compare(&TIMER, NRF_TIMER_CC_CHANNEL0, time_ticks, NRF_TIMER_SHORT_COMPARE0_STOP_MASK, 
rue);
util.c(70): error:  #147: declaration is incompatible with "void nrf_drv_timer_extended_compare(const nrf_drv_timer_t *const, nrf_timer_cc_channel_t, uint32_t, nrf_timer_short_mask_t, _Bool)" (declared at line 269 of "..\..\..\..\..\..\nRF5_SDK_12.2.0\components\drivers_nrf\timer\nrf_drv_timer.h")
      nrf_drv_timer_extended_compare(&TIMER, NRF_TIMER_CC_CHANNEL0, time_ticks, NRF_TIMER_SHORT_COMPARE0_STOP_MASK, 
rue);
util.c(72): error:  #169: expected a declaration
  }
util.c(96): warning:  #12-D: parsing restarts here after previous syntax error
  			syn = 0;
util.c(97): error:  #169: expected a declaration
  			while(!spis_xfer_done)
util.c(101): warning:  #12-D: parsing restarts here after previous syntax error
  			return;
util.c(102): error:  #169: expected a declaration
  		}
util.c(123): warning:  #12-D: parsing restarts here after previous syntax error
  		syn = 0;
util.c(125): error:  #169: expected a declaration
  	}
util.c(167): warning: At end of source:  #12-D: parsing restarts here after previous syntax error
util.c(11): warning:  #177-D: variable "spis" was declared but never referenced
  static const nrf_drv_spis_t spis = NRF_DRV_SPIS_INSTANCE(SPIS_INSTANCE);/**< SPIS instance. */
util.c(16): warning:  #550-D: variable "m_tx_buf" was set but never used
  static uint8_t       m_tx_buf[] = TEST_STRING;           	/**< TX buffer. */
util.c(18): warning:  #177-D: variable "m_length" was declared but never referenced
  static const uint8_t m_length = sizeof(m_tx_buf);        	/**< Transfer length. */
util.c: 9 warnings, 12 errors
compiling main.c...
..\arm5_no_packs\util.h(18): warning:  #1-D: last line of file ends without a newline
  #endif
..\..\..\main.c: 1 warning, 0 errors
".\_build\nrf52832_xxaa.axf" - 12 Error(s), 10 Warning(s).

<h2>Software Packages used:</h2>

Package Vendor: NordicSemiconductor
                http://developer.nordicsemi.com/nRF5_SDK/pieces/nRF_DeviceFamilyPack/NordicSemiconductor.nRF_DeviceFamilyPack.8.11.1.pack
                NordicSemiconductor::Device:Startup:8.11.1
                Nordic Semiconductor nRF ARM devices Device Family Pack.
   * Component: Startup Version: 8.11.1

Package Vendor: ARM
                http://www.keil.com/pack/ARM.CMSIS.4.5.0.pack
                ARM::CMSIS:CORE:4.3.0
                CMSIS (Cortex Microcontroller Software Interface Standard)
   * Component: CORE Version: 4.3.0

<h2>Collection of Component include folders:</h2>
  C:\Users\theod\Documents\Skole\ELE-217\Prosjekt\WeatherStationUiA\BLESide\ble_app_uart\pca10040\s132\arm5_no_packs\RTE
  C:\Keil_v5\ARM\PACK\ARM\CMSIS\4.5.0\CMSIS\Include
  C:\Keil_v5\ARM\PACK\NordicSemiconductor\nRF_DeviceFamilyPack\8.11.1\Device\Include

<h2>Collection of Component Files used:</h2>

   * Component: NordicSemiconductor::Device:Startup:8.11.1
      Include file:  Device\Include\system_nrf52.h
      Source file:   Device\Source\arm\arm_startup_nrf52.s
      Source file:   Device\Source\system_nrf52.c

   * Component: ARM::CMSIS:CORE:4.3.0
Target not created.
Build Time Elapsed:  00:00:06
</pre>
</body>
</html>
